This file contains any messages produced by compilers while
running configure, to aid debugging if configure makes a mistake.

It was created by sphinxbase configure 0.7, which was
generated by GNU Autoconf 2.68.  Invocation command line was

  $ ./configure 

## --------- ##
## Platform. ##
## --------- ##

hostname = ubuntu
uname -m = i686
uname -r = 3.2.0-29-generic-pae
uname -s = Linux
uname -v = #46-Ubuntu SMP Fri Jul 27 17:25:43 UTC 2012

/usr/bin/uname -p = unknown
/bin/uname -X     = unknown

/bin/arch              = unknown
/usr/bin/arch -k       = unknown
/usr/convex/getsysinfo = unknown
/usr/bin/hostinfo      = unknown
/bin/machine           = unknown
/usr/bin/oslevel       = unknown
/bin/universe          = unknown

PATH: /home/yjy/projects/llvm-gcc-4.2-2.9-i686-linux/bin
PATH: /home/yjy/projects/llvm-2.9/Release+Asserts/bin
PATH: /home/yjy/bin
PATH: /home/yjy/bin
PATH: /usr/lib/lightdm/lightdm
PATH: /usr/local/sbin
PATH: /usr/local/bin
PATH: /usr/sbin
PATH: /usr/bin
PATH: /sbin
PATH: /bin
PATH: /usr/games
PATH: /usr/lib/jvm/jdk1.6.0_32/bin
PATH: /home/yjy/android/android-sdk-linux/tools
PATH: /home/yjy/android/android-sdk-linux/platform-tools
PATH: /home/yjy/projects/klee/Release+Asserts/bin


## ----------- ##
## Core tests. ##
## ----------- ##

configure:2515: checking for a BSD-compatible install
configure:2583: result: /usr/bin/install -c
configure:2594: checking whether build environment is sane
configure:2644: result: yes
configure:2785: checking for a thread-safe mkdir -p
configure:2824: result: /bin/mkdir -p
configure:2837: checking for gawk
configure:2867: result: no
configure:2837: checking for mawk
configure:2853: found /usr/bin/mawk
configure:2864: result: mawk
configure:2875: checking whether make sets $(MAKE)
configure:2897: result: yes
configure:2976: checking build system type
configure:2990: result: i686-pc-linux-gnu
configure:3010: checking host system type
configure:3023: result: i686-pc-linux-gnu
configure:3070: checking for style of include used by make
configure:3098: result: GNU
configure:3169: checking for gcc
configure:3185: found /usr/bin/gcc
configure:3196: result: gcc
configure:3425: checking for C compiler version
configure:3434: gcc --version >&5
gcc (Ubuntu/Linaro 4.6.3-1ubuntu5) 4.6.3
Copyright (C) 2011 Free Software Foundation, Inc.
This is free software; see the source for copying conditions.  There is NO
warranty; not even for MERCHANTABILITY or FITNESS FOR A PARTICULAR PURPOSE.

configure:3445: $? = 0
configure:3434: gcc -v >&5
Using built-in specs.
COLLECT_GCC=gcc
COLLECT_LTO_WRAPPER=/usr/lib/gcc/i686-linux-gnu/4.6/lto-wrapper
Target: i686-linux-gnu
Configured with: ../src/configure -v --with-pkgversion='Ubuntu/Linaro 4.6.3-1ubuntu5' --with-bugurl=file:///usr/share/doc/gcc-4.6/README.Bugs --enable-languages=c,c++,fortran,objc,obj-c++ --prefix=/usr --program-suffix=-4.6 --enable-shared --enable-linker-build-id --with-system-zlib --libexecdir=/usr/lib --without-included-gettext --enable-threads=posix --with-gxx-include-dir=/usr/include/c++/4.6 --libdir=/usr/lib --enable-nls --with-sysroot=/ --enable-clocale=gnu --enable-libstdcxx-debug --enable-libstdcxx-time=yes --enable-gnu-unique-object --enable-plugin --enable-objc-gc --enable-targets=all --disable-werror --with-arch-32=i686 --with-tune=generic --enable-checking=release --build=i686-linux-gnu --host=i686-linux-gnu --target=i686-linux-gnu
Thread model: posix
gcc version 4.6.3 (Ubuntu/Linaro 4.6.3-1ubuntu5) 
configure:3445: $? = 0
configure:3434: gcc -V >&5
gcc: error: unrecognized option '-V'
gcc: fatal error: no input files
compilation terminated.
configure:3445: $? = 4
configure:3434: gcc -qversion >&5
gcc: error: unrecognized option '-qversion'
gcc: fatal error: no input files
compilation terminated.
configure:3445: $? = 4
configure:3465: checking whether the C compiler works
configure:3487: gcc -g -O2 -Wall   conftest.c  >&5
configure:3491: $? = 0
configure:3539: result: yes
configure:3542: checking for C compiler default output file name
configure:3544: result: a.out
configure:3550: checking for suffix of executables
configure:3557: gcc -o conftest -g -O2 -Wall   conftest.c  >&5
configure:3561: $? = 0
configure:3583: result: 
configure:3605: checking whether we are cross compiling
configure:3613: gcc -o conftest -g -O2 -Wall   conftest.c  >&5
configure:3617: $? = 0
configure:3624: ./conftest
configure:3628: $? = 0
configure:3643: result: no
configure:3648: checking for suffix of object files
configure:3670: gcc -c -g -O2 -Wall  conftest.c >&5
configure:3674: $? = 0
configure:3695: result: o
configure:3699: checking whether we are using the GNU C compiler
configure:3718: gcc -c -g -O2 -Wall  conftest.c >&5
configure:3718: $? = 0
configure:3727: result: yes
configure:3736: checking whether gcc accepts -g
configure:3756: gcc -c -g  conftest.c >&5
configure:3756: $? = 0
configure:3797: result: yes
configure:3814: checking for gcc option to accept ISO C89
configure:3878: gcc  -c -g -O2 -Wall  conftest.c >&5
configure:3878: $? = 0
configure:3891: result: none needed
configure:3913: checking dependency style of gcc
configure:4024: result: gcc3
configure:4040: checking for library containing strerror
configure:4071: gcc -o conftest -g -O2 -Wall   conftest.c  >&5
configure:4071: $? = 0
configure:4088: result: none required
configure:4144: checking for gcc
configure:4171: result: gcc
configure:4400: checking for C compiler version
configure:4409: gcc --version >&5
gcc (Ubuntu/Linaro 4.6.3-1ubuntu5) 4.6.3
Copyright (C) 2011 Free Software Foundation, Inc.
This is free software; see the source for copying conditions.  There is NO
warranty; not even for MERCHANTABILITY or FITNESS FOR A PARTICULAR PURPOSE.

configure:4420: $? = 0
configure:4409: gcc -v >&5
Using built-in specs.
COLLECT_GCC=gcc
COLLECT_LTO_WRAPPER=/usr/lib/gcc/i686-linux-gnu/4.6/lto-wrapper
Target: i686-linux-gnu
Configured with: ../src/configure -v --with-pkgversion='Ubuntu/Linaro 4.6.3-1ubuntu5' --with-bugurl=file:///usr/share/doc/gcc-4.6/README.Bugs --enable-languages=c,c++,fortran,objc,obj-c++ --prefix=/usr --program-suffix=-4.6 --enable-shared --enable-linker-build-id --with-system-zlib --libexecdir=/usr/lib --without-included-gettext --enable-threads=posix --with-gxx-include-dir=/usr/include/c++/4.6 --libdir=/usr/lib --enable-nls --with-sysroot=/ --enable-clocale=gnu --enable-libstdcxx-debug --enable-libstdcxx-time=yes --enable-gnu-unique-object --enable-plugin --enable-objc-gc --enable-targets=all --disable-werror --with-arch-32=i686 --with-tune=generic --enable-checking=release --build=i686-linux-gnu --host=i686-linux-gnu --target=i686-linux-gnu
Thread model: posix
gcc version 4.6.3 (Ubuntu/Linaro 4.6.3-1ubuntu5) 
configure:4420: $? = 0
configure:4409: gcc -V >&5
gcc: error: unrecognized option '-V'
gcc: fatal error: no input files
compilation terminated.
configure:4420: $? = 4
configure:4409: gcc -qversion >&5
gcc: error: unrecognized option '-qversion'
gcc: fatal error: no input files
compilation terminated.
configure:4420: $? = 4
configure:4424: checking whether we are using the GNU C compiler
configure:4452: result: yes
configure:4461: checking whether gcc accepts -g
configure:4522: result: yes
configure:4539: checking for gcc option to accept ISO C89
configure:4616: result: none needed
configure:4638: checking dependency style of gcc
configure:4749: result: gcc3
configure:4768: checking for gcc option to accept ISO C99
configure:4917: gcc  -c -g -O2 -Wall  conftest.c >&5
conftest.c:59:29: error: expected ';', ',' or ')' before 'text'
conftest.c: In function 'test_varargs':
conftest.c:80:9: warning: variable 'fnumber' set but not used [-Wunused-but-set-variable]
conftest.c:79:7: warning: variable 'number' set but not used [-Wunused-but-set-variable]
conftest.c:78:15: warning: variable 'str' set but not used [-Wunused-but-set-variable]
conftest.c: In function 'main':
conftest.c:111:3: warning: implicit declaration of function 'test_restrict' [-Wimplicit-function-declaration]
conftest.c:113:18: error: expected '=', ',', ';', 'asm' or '__attribute__' before 'newvar'
conftest.c:113:18: error: 'newvar' undeclared (first use in this function)
conftest.c:113:18: note: each undeclared identifier is reported only once for each function it appears in
conftest.c:123:3: error: 'for' loop initial declarations are only allowed in C99 mode
conftest.c:123:3: note: use option -std=c99 or -std=gnu99 to compile your code
configure:4917: $? = 1
configure: failed program was:
| /* confdefs.h */
| #define PACKAGE_NAME "sphinxbase"
| #define PACKAGE_TARNAME "sphinxbase"
| #define PACKAGE_VERSION "0.7"
| #define PACKAGE_STRING "sphinxbase 0.7"
| #define PACKAGE_BUGREPORT ""
| #define PACKAGE_URL ""
| /* end confdefs.h.  */
| #include <stdarg.h>
| #include <stdbool.h>
| #include <stdlib.h>
| #include <wchar.h>
| #include <stdio.h>
| 
| // Check varargs macros.  These examples are taken from C99 6.10.3.5.
| #define debug(...) fprintf (stderr, __VA_ARGS__)
| #define showlist(...) puts (#__VA_ARGS__)
| #define report(test,...) ((test) ? puts (#test) : printf (__VA_ARGS__))
| static void
| test_varargs_macros (void)
| {
|   int x = 1234;
|   int y = 5678;
|   debug ("Flag");
|   debug ("X = %d\n", x);
|   showlist (The first, second, and third items.);
|   report (x>y, "x is %d but y is %d", x, y);
| }
| 
| // Check long long types.
| #define BIG64 18446744073709551615ull
| #define BIG32 4294967295ul
| #define BIG_OK (BIG64 / BIG32 == 4294967297ull && BIG64 % BIG32 == 0)
| #if !BIG_OK
|   your preprocessor is broken;
| #endif
| #if BIG_OK
| #else
|   your preprocessor is broken;
| #endif
| static long long int bignum = -9223372036854775807LL;
| static unsigned long long int ubignum = BIG64;
| 
| struct incomplete_array
| {
|   int datasize;
|   double data[];
| };
| 
| struct named_init {
|   int number;
|   const wchar_t *name;
|   double average;
| };
| 
| typedef const char *ccp;
| 
| static inline int
| test_restrict (ccp restrict text)
| {
|   // See if C++-style comments work.
|   // Iterate through items via the restricted pointer.
|   // Also check for declarations in for loops.
|   for (unsigned int i = 0; *(text+i) != '\0'; ++i)
|     continue;
|   return 0;
| }
| 
| // Check varargs and va_copy.
| static void
| test_varargs (const char *format, ...)
| {
|   va_list args;
|   va_start (args, format);
|   va_list args_copy;
|   va_copy (args_copy, args);
| 
|   const char *str;
|   int number;
|   float fnumber;
| 
|   while (*format)
|     {
|       switch (*format++)
| 	{
| 	case 's': // string
| 	  str = va_arg (args_copy, const char *);
| 	  break;
| 	case 'd': // int
| 	  number = va_arg (args_copy, int);
| 	  break;
| 	case 'f': // float
| 	  fnumber = va_arg (args_copy, double);
| 	  break;
| 	default:
| 	  break;
| 	}
|     }
|   va_end (args_copy);
|   va_end (args);
| }
| 
| int
| main ()
| {
| 
|   // Check bool.
|   _Bool success = false;
| 
|   // Check restrict.
|   if (test_restrict ("String literal") == 0)
|     success = true;
|   char *restrict newvar = "Another string";
| 
|   // Check varargs.
|   test_varargs ("s, d' f .", "string", 65, 34.234);
|   test_varargs_macros ();
| 
|   // Check flexible array members.
|   struct incomplete_array *ia =
|     malloc (sizeof (struct incomplete_array) + (sizeof (double) * 10));
|   ia->datasize = 10;
|   for (int i = 0; i < ia->datasize; ++i)
|     ia->data[i] = i * 1.234;
| 
|   // Check named initializers.
|   struct named_init ni = {
|     .number = 34,
|     .name = L"Test wide string",
|     .average = 543.34343,
|   };
| 
|   ni.number = 58;
| 
|   int dynamic_array[ni.number];
|   dynamic_array[ni.number - 1] = 543;
| 
|   // work around unused variable warnings
|   return (!success || bignum == 0LL || ubignum == 0uLL || newvar[0] == 'x'
| 	  || dynamic_array[ni.number - 1] != 543);
| 
|   ;
|   return 0;
| }
configure:4917: gcc -std=gnu99 -c -g -O2 -Wall  conftest.c >&5
conftest.c: In function 'test_varargs':
conftest.c:80:9: warning: variable 'fnumber' set but not used [-Wunused-but-set-variable]
conftest.c:79:7: warning: variable 'number' set but not used [-Wunused-but-set-variable]
conftest.c:78:15: warning: variable 'str' set but not used [-Wunused-but-set-variable]
configure:4917: $? = 0
configure:4937: result: -std=gnu99
configure:5039: checking for gcc -std=gnu99 option to accept ISO Standard C
configure:5053: result: -std=gnu99
configure:5062: checking for bison
configure:5078: found /usr/bin/bison
configure:5090: result: bison -y
configure:5109: checking how to run the C preprocessor
configure:5140: gcc -std=gnu99 -E  conftest.c
configure:5140: $? = 0
configure:5154: gcc -std=gnu99 -E  conftest.c
conftest.c:9:28: fatal error: ac_nonexistent.h: No such file or directory
compilation terminated.
configure:5154: $? = 1
configure: failed program was:
| /* confdefs.h */
| #define PACKAGE_NAME "sphinxbase"
| #define PACKAGE_TARNAME "sphinxbase"
| #define PACKAGE_VERSION "0.7"
| #define PACKAGE_STRING "sphinxbase 0.7"
| #define PACKAGE_BUGREPORT ""
| #define PACKAGE_URL ""
| /* end confdefs.h.  */
| #include <ac_nonexistent.h>
configure:5179: result: gcc -std=gnu99 -E
configure:5199: gcc -std=gnu99 -E  conftest.c
configure:5199: $? = 0
configure:5213: gcc -std=gnu99 -E  conftest.c
conftest.c:9:28: fatal error: ac_nonexistent.h: No such file or directory
compilation terminated.
configure:5213: $? = 1
configure: failed program was:
| /* confdefs.h */
| #define PACKAGE_NAME "sphinxbase"
| #define PACKAGE_TARNAME "sphinxbase"
| #define PACKAGE_VERSION "0.7"
| #define PACKAGE_STRING "sphinxbase 0.7"
| #define PACKAGE_BUGREPORT ""
| #define PACKAGE_URL ""
| /* end confdefs.h.  */
| #include <ac_nonexistent.h>
configure:5242: checking for grep that handles long lines and -e
configure:5300: result: /bin/grep
configure:5305: checking for egrep
configure:5367: result: /bin/grep -E
configure:5372: checking for ANSI C header files
configure:5392: gcc -std=gnu99 -c -g -O2 -Wall  conftest.c >&5
configure:5392: $? = 0
configure:5465: gcc -std=gnu99 -o conftest -g -O2 -Wall   conftest.c  >&5
configure:5465: $? = 0
configure:5465: ./conftest
configure:5465: $? = 0
configure:5476: result: yes
configure:5489: checking for sys/types.h
configure:5489: gcc -std=gnu99 -c -g -O2 -Wall  conftest.c >&5
configure:5489: $? = 0
configure:5489: result: yes
configure:5489: checking for sys/stat.h
configure:5489: gcc -std=gnu99 -c -g -O2 -Wall  conftest.c >&5
configure:5489: $? = 0
configure:5489: result: yes
configure:5489: checking for stdlib.h
configure:5489: gcc -std=gnu99 -c -g -O2 -Wall  conftest.c >&5
configure:5489: $? = 0
configure:5489: result: yes
configure:5489: checking for string.h
configure:5489: gcc -std=gnu99 -c -g -O2 -Wall  conftest.c >&5
configure:5489: $? = 0
configure:5489: result: yes
configure:5489: checking for memory.h
configure:5489: gcc -std=gnu99 -c -g -O2 -Wall  conftest.c >&5
configure:5489: $? = 0
configure:5489: result: yes
configure:5489: checking for strings.h
configure:5489: gcc -std=gnu99 -c -g -O2 -Wall  conftest.c >&5
configure:5489: $? = 0
configure:5489: result: yes
configure:5489: checking for inttypes.h
configure:5489: gcc -std=gnu99 -c -g -O2 -Wall  conftest.c >&5
configure:5489: $? = 0
configure:5489: result: yes
configure:5489: checking for stdint.h
configure:5489: gcc -std=gnu99 -c -g -O2 -Wall  conftest.c >&5
configure:5489: $? = 0
configure:5489: result: yes
configure:5489: checking for unistd.h
configure:5489: gcc -std=gnu99 -c -g -O2 -Wall  conftest.c >&5
configure:5489: $? = 0
configure:5489: result: yes
configure:5501: checking whether byte ordering is bigendian
configure:5516: gcc -std=gnu99 -c -g -O2 -Wall  conftest.c >&5
conftest.c:20:9: error: unknown type name 'not'
conftest.c:20:15: error: expected '=', ',', ';', 'asm' or '__attribute__' before 'universal'
conftest.c:20:15: error: unknown type name 'universal'
configure:5516: $? = 1
configure: failed program was:
| /* confdefs.h */
| #define PACKAGE_NAME "sphinxbase"
| #define PACKAGE_TARNAME "sphinxbase"
| #define PACKAGE_VERSION "0.7"
| #define PACKAGE_STRING "sphinxbase 0.7"
| #define PACKAGE_BUGREPORT ""
| #define PACKAGE_URL ""
| #define STDC_HEADERS 1
| #define HAVE_SYS_TYPES_H 1
| #define HAVE_SYS_STAT_H 1
| #define HAVE_STDLIB_H 1
| #define HAVE_STRING_H 1
| #define HAVE_MEMORY_H 1
| #define HAVE_STRINGS_H 1
| #define HAVE_INTTYPES_H 1
| #define HAVE_STDINT_H 1
| #define HAVE_UNISTD_H 1
| /* end confdefs.h.  */
| #ifndef __APPLE_CC__
| 	       not a universal capable compiler
| 	     #endif
| 	     typedef int dummy;
| 
configure:5561: gcc -std=gnu99 -c -g -O2 -Wall  conftest.c >&5
configure:5561: $? = 0
configure:5579: gcc -std=gnu99 -c -g -O2 -Wall  conftest.c >&5
conftest.c: In function 'main':
conftest.c:26:4: error: unknown type name 'not'
conftest.c:26:12: error: expected '=', ',', ';', 'asm' or '__attribute__' before 'endian'
configure:5579: $? = 1
configure: failed program was:
| /* confdefs.h */
| #define PACKAGE_NAME "sphinxbase"
| #define PACKAGE_TARNAME "sphinxbase"
| #define PACKAGE_VERSION "0.7"
| #define PACKAGE_STRING "sphinxbase 0.7"
| #define PACKAGE_BUGREPORT ""
| #define PACKAGE_URL ""
| #define STDC_HEADERS 1
| #define HAVE_SYS_TYPES_H 1
| #define HAVE_SYS_STAT_H 1
| #define HAVE_STDLIB_H 1
| #define HAVE_STRING_H 1
| #define HAVE_MEMORY_H 1
| #define HAVE_STRINGS_H 1
| #define HAVE_INTTYPES_H 1
| #define HAVE_STDINT_H 1
| #define HAVE_UNISTD_H 1
| /* end confdefs.h.  */
| #include <sys/types.h>
| 		#include <sys/param.h>
| 
| int
| main ()
| {
| #if BYTE_ORDER != BIG_ENDIAN
| 		 not big endian
| 		#endif
| 
|   ;
|   return 0;
| }
configure:5707: result: no
configure:5725: checking return type of signal handlers
configure:5743: gcc -std=gnu99 -c -g -O2 -Wall  conftest.c >&5
conftest.c: In function 'main':
conftest.c:25:1: error: void value not ignored as it ought to be
configure:5743: $? = 1
configure: failed program was:
| /* confdefs.h */
| #define PACKAGE_NAME "sphinxbase"
| #define PACKAGE_TARNAME "sphinxbase"
| #define PACKAGE_VERSION "0.7"
| #define PACKAGE_STRING "sphinxbase 0.7"
| #define PACKAGE_BUGREPORT ""
| #define PACKAGE_URL ""
| #define STDC_HEADERS 1
| #define HAVE_SYS_TYPES_H 1
| #define HAVE_SYS_STAT_H 1
| #define HAVE_STDLIB_H 1
| #define HAVE_STRING_H 1
| #define HAVE_MEMORY_H 1
| #define HAVE_STRINGS_H 1
| #define HAVE_INTTYPES_H 1
| #define HAVE_STDINT_H 1
| #define HAVE_UNISTD_H 1
| /* end confdefs.h.  */
| #include <sys/types.h>
| #include <signal.h>
| 
| int
| main ()
| {
| return *(signal (0, 0)) (0) == 1;
|   ;
|   return 0;
| }
configure:5750: result: void
configure:5758: checking for long long
configure:5758: gcc -std=gnu99 -c -g -O2 -Wall  conftest.c >&5
configure:5758: $? = 0
configure:5758: gcc -std=gnu99 -c -g -O2 -Wall  conftest.c >&5
conftest.c: In function 'main':
conftest.c:56:24: error: expected expression before ')' token
configure:5758: $? = 1
configure: failed program was:
| /* confdefs.h */
| #define PACKAGE_NAME "sphinxbase"
| #define PACKAGE_TARNAME "sphinxbase"
| #define PACKAGE_VERSION "0.7"
| #define PACKAGE_STRING "sphinxbase 0.7"
| #define PACKAGE_BUGREPORT ""
| #define PACKAGE_URL ""
| #define STDC_HEADERS 1
| #define HAVE_SYS_TYPES_H 1
| #define HAVE_SYS_STAT_H 1
| #define HAVE_STDLIB_H 1
| #define HAVE_STRING_H 1
| #define HAVE_MEMORY_H 1
| #define HAVE_STRINGS_H 1
| #define HAVE_INTTYPES_H 1
| #define HAVE_STDINT_H 1
| #define HAVE_UNISTD_H 1
| #define RETSIGTYPE void
| /* end confdefs.h.  */
| #include <stdio.h>
| #ifdef HAVE_SYS_TYPES_H
| # include <sys/types.h>
| #endif
| #ifdef HAVE_SYS_STAT_H
| # include <sys/stat.h>
| #endif
| #ifdef STDC_HEADERS
| # include <stdlib.h>
| # include <stddef.h>
| #else
| # ifdef HAVE_STDLIB_H
| #  include <stdlib.h>
| # endif
| #endif
| #ifdef HAVE_STRING_H
| # if !defined STDC_HEADERS && defined HAVE_MEMORY_H
| #  include <memory.h>
| # endif
| # include <string.h>
| #endif
| #ifdef HAVE_STRINGS_H
| # include <strings.h>
| #endif
| #ifdef HAVE_INTTYPES_H
| # include <inttypes.h>
| #endif
| #ifdef HAVE_STDINT_H
| # include <stdint.h>
| #endif
| #ifdef HAVE_UNISTD_H
| # include <unistd.h>
| #endif
| int
| main ()
| {
| if (sizeof ((long long)))
| 	    return 0;
|   ;
|   return 0;
| }
configure:5758: result: yes
configure:5772: checking size of long long
configure:5777: gcc -std=gnu99 -o conftest -g -O2 -Wall   conftest.c  >&5
configure:5777: $? = 0
configure:5777: ./conftest
configure:5777: $? = 0
configure:5791: result: 8
configure:5805: checking size of long
configure:5810: gcc -std=gnu99 -o conftest -g -O2 -Wall   conftest.c  >&5
configure:5810: $? = 0
configure:5810: ./conftest
configure:5810: $? = 0
configure:5824: result: 4
configure:5837: checking for popen
configure:5837: gcc -std=gnu99 -o conftest -g -O2 -Wall   conftest.c  >&5
configure:5837: $? = 0
configure:5837: result: yes
configure:5837: checking for perror
configure:5837: gcc -std=gnu99 -o conftest -g -O2 -Wall   conftest.c  >&5
configure:5837: $? = 0
configure:5837: result: yes
configure:5837: checking for snprintf
configure:5837: gcc -std=gnu99 -o conftest -g -O2 -Wall   conftest.c  >&5
conftest.c:48:6: warning: conflicting types for built-in function 'snprintf' [enabled by default]
configure:5837: $? = 0
configure:5837: result: yes
configure:5846: checking errno.h usability
configure:5846: gcc -std=gnu99 -c -g -O2 -Wall  conftest.c >&5
configure:5846: $? = 0
configure:5846: result: yes
configure:5846: checking errno.h presence
configure:5846: gcc -std=gnu99 -E  conftest.c
configure:5846: $? = 0
configure:5846: result: yes
configure:5846: checking for errno.h
configure:5846: result: yes
configure:5892: checking for ld used by GCC
configure:5956: result: /usr/bin/ld
configure:5963: checking if the linker (/usr/bin/ld) is GNU ld
configure:5976: result: yes
configure:5983: checking for shared library run path origin
configure:5996: result: done
configure:6460: checking for iconv
configure:6482: gcc -std=gnu99 -o conftest -g -O2 -Wall   conftest.c  >&5
configure:6482: $? = 0
configure:6514: result: yes
configure:6535: checking for iconv declaration
configure:6564: gcc -std=gnu99 -c -g -O2 -Wall  conftest.c >&5
configure:6564: $? = 0
configure:6575: result: 
         extern size_t iconv (iconv_t cd, char * *inbuf, size_t *inbytesleft, char * *outbuf, size_t *outbytesleft);
configure:6599: checking for sgesv_ in -llapack
configure:6624: gcc -std=gnu99 -o conftest -g -O2 -Wall   conftest.c -llapack   >&5
/usr/bin/ld: cannot find -llapack
collect2: ld returned 1 exit status
configure:6624: $? = 1
configure: failed program was:
| /* confdefs.h */
| #define PACKAGE_NAME "sphinxbase"
| #define PACKAGE_TARNAME "sphinxbase"
| #define PACKAGE_VERSION "0.7"
| #define PACKAGE_STRING "sphinxbase 0.7"
| #define PACKAGE_BUGREPORT ""
| #define PACKAGE_URL ""
| #define STDC_HEADERS 1
| #define HAVE_SYS_TYPES_H 1
| #define HAVE_SYS_STAT_H 1
| #define HAVE_STDLIB_H 1
| #define HAVE_STRING_H 1
| #define HAVE_MEMORY_H 1
| #define HAVE_STRINGS_H 1
| #define HAVE_INTTYPES_H 1
| #define HAVE_STDINT_H 1
| #define HAVE_UNISTD_H 1
| #define RETSIGTYPE void
| #define HAVE_LONG_LONG 1
| #define SIZEOF_LONG_LONG 8
| #define SIZEOF_LONG 4
| #define HAVE_POPEN 1
| #define HAVE_PERROR 1
| #define HAVE_SNPRINTF 1
| #define HAVE_ICONV 1
| #define ICONV_CONST 
| /* end confdefs.h.  */
| 
| /* Override any GCC internal prototype to avoid an error.
|    Use char because int might match the return type of a GCC
|    builtin and then its argument prototype would still apply.  */
| #ifdef __cplusplus
| extern "C"
| #endif
| char sgesv_ ();
| int
| main ()
| {
| return sgesv_ ();
|   ;
|   return 0;
| }
configure:6633: result: no
configure:6716: checking for log in -lm
configure:6741: gcc -std=gnu99 -o conftest -g -O2 -Wall   conftest.c -lm   >&5
conftest.c:36:6: warning: conflicting types for built-in function 'log' [enabled by default]
configure:6741: $? = 0
configure:6750: result: yes
configure:6781: checking pthread.h usability
configure:6781: gcc -std=gnu99 -c -g -O2 -Wall  conftest.c >&5
configure:6781: $? = 0
configure:6781: result: yes
configure:6781: checking pthread.h presence
configure:6781: gcc -std=gnu99 -E  conftest.c
configure:6781: $? = 0
configure:6781: result: yes
configure:6781: checking for pthread.h
configure:6781: result: yes
configure:6791: checking for pthread_create in -lpthread
configure:6816: gcc -std=gnu99 -o conftest -g -O2 -Wall   conftest.c -lpthread  -lm  >&5
configure:6816: $? = 0
configure:6825: result: yes
configure:6912: checking pulse/pulseaudio.h usability
configure:6912: gcc -std=gnu99 -c -g -O2 -Wall  conftest.c >&5
configure:6912: $? = 0
configure:6912: result: yes
configure:6912: checking pulse/pulseaudio.h presence
configure:6912: gcc -std=gnu99 -E  conftest.c
configure:6912: $? = 0
configure:6912: result: yes
configure:6912: checking for pulse/pulseaudio.h
configure:6912: result: yes
configure:6920: checking for pa_simple_new in -lpulse-simple
configure:6945: gcc -std=gnu99 -o conftest -g -O2 -Wall   conftest.c -lpulse-simple  -lpthread -lm  >&5
configure:6945: $? = 0
configure:6954: result: yes
configure:7164: checking how to print strings
configure:7191: result: printf
configure:7212: checking for a sed that does not truncate output
configure:7276: result: /bin/sed
configure:7294: checking for fgrep
configure:7356: result: /bin/grep -F
configure:7391: checking for ld used by gcc -std=gnu99
configure:7458: result: /usr/bin/ld
configure:7465: checking if the linker (/usr/bin/ld) is GNU ld
configure:7480: result: yes
configure:7492: checking for BSD- or MS-compatible name lister (nm)
configure:7541: result: /usr/bin/nm -B
configure:7671: checking the name lister (/usr/bin/nm -B) interface
configure:7678: gcc -std=gnu99 -c -g -O2 -Wall  conftest.c >&5
configure:7681: /usr/bin/nm -B "conftest.o"
configure:7684: output
00000000 B some_variable
configure:7691: result: BSD nm
configure:7694: checking whether ln -s works
configure:7698: result: yes
configure:7706: checking the maximum length of command line arguments
configure:7836: result: 1572864
configure:7853: checking whether the shell understands some XSI constructs
configure:7863: result: yes
configure:7867: checking whether the shell understands "+="
configure:7873: result: yes
configure:7908: checking how to convert i686-pc-linux-gnu file names to i686-pc-linux-gnu format
configure:7948: result: func_convert_file_noop
configure:7955: checking how to convert i686-pc-linux-gnu file names to toolchain format
configure:7975: result: func_convert_file_noop
configure:7982: checking for /usr/bin/ld option to reload object files
configure:7989: result: -r
configure:8063: checking for objdump
configure:8079: found /usr/bin/objdump
configure:8090: result: objdump
configure:8122: checking how to recognize dependent libraries
configure:8324: result: pass_all
configure:8409: checking for dlltool
configure:8439: result: no
configure:8469: checking how to associate runtime and link libraries
configure:8496: result: printf %s\n
configure:8556: checking for ar
configure:8572: found /usr/bin/ar
configure:8583: result: ar
configure:8620: checking for archiver @FILE support
configure:8637: gcc -std=gnu99 -c -g -O2 -Wall  conftest.c >&5
configure:8637: $? = 0
configure:8640: ar cru libconftest.a @conftest.lst >&5
configure:8643: $? = 0
configure:8648: ar cru libconftest.a @conftest.lst >&5
ar: conftest.o: No such file or directory
configure:8651: $? = 1
configure:8663: result: @
configure:8721: checking for strip
configure:8737: found /usr/bin/strip
configure:8748: result: strip
configure:8820: checking for ranlib
configure:8836: found /usr/bin/ranlib
configure:8847: result: ranlib
configure:8949: checking command to parse /usr/bin/nm -B output from gcc -std=gnu99 object
configure:9069: gcc -std=gnu99 -c -g -O2 -Wall  conftest.c >&5
configure:9072: $? = 0
configure:9076: /usr/bin/nm -B conftest.o \| sed -n -e 's/^.*[ ]\([ABCDGIRSTW][ABCDGIRSTW]*\)[ ][ ]*\([_A-Za-z][_A-Za-z0-9]*\)$/\1 \2 \2/p' | sed '/ __gnu_lto/d' \> conftest.nm
configure:9079: $? = 0
configure:9145: gcc -std=gnu99 -o conftest -g -O2 -Wall   conftest.c conftstm.o >&5
configure:9148: $? = 0
configure:9186: result: ok
configure:9223: checking for sysroot
configure:9253: result: no
configure:9509: checking for mt
configure:9525: found /bin/mt
configure:9536: result: mt
configure:9559: checking if mt is a manifest tool
configure:9565: mt '-?'
configure:9573: result: no
configure:10212: checking for dlfcn.h
configure:10212: gcc -std=gnu99 -c -g -O2 -Wall  conftest.c >&5
configure:10212: $? = 0
configure:10212: result: yes
configure:10418: checking for objdir
configure:10433: result: .libs
configure:10704: checking if gcc -std=gnu99 supports -fno-rtti -fno-exceptions
configure:10722: gcc -std=gnu99 -c -g -O2 -Wall  -fno-rtti -fno-exceptions conftest.c >&5
cc1: warning: command line option '-fno-rtti' is valid for C++/ObjC++ but not for C [enabled by default]
configure:10726: $? = 0
configure:10739: result: no
configure:11066: checking for gcc -std=gnu99 option to produce PIC
configure:11073: result: -fPIC -DPIC
configure:11081: checking if gcc -std=gnu99 PIC flag -fPIC -DPIC works
configure:11099: gcc -std=gnu99 -c -g -O2 -Wall  -fPIC -DPIC -DPIC conftest.c >&5
configure:11103: $? = 0
configure:11116: result: yes
configure:11145: checking if gcc -std=gnu99 static flag -static works
configure:11173: result: no
configure:11188: checking if gcc -std=gnu99 supports -c -o file.o
configure:11209: gcc -std=gnu99 -c -g -O2 -Wall  -o out/conftest2.o conftest.c >&5
configure:11213: $? = 0
configure:11235: result: yes
configure:11243: checking if gcc -std=gnu99 supports -c -o file.o
configure:11290: result: yes
configure:11323: checking whether the gcc -std=gnu99 linker (/usr/bin/ld) supports shared libraries
configure:12480: result: yes
configure:12517: checking whether -lc should be explicitly linked in
configure:12525: gcc -std=gnu99 -c -g -O2 -Wall  conftest.c >&5
configure:12528: $? = 0
configure:12543: gcc -std=gnu99 -shared  -fPIC -DPIC conftest.o  -v -Wl,-soname -Wl,conftest -o conftest 2\>\&1 \| /bin/grep  -lc  \>/dev/null 2\>\&1
configure:12546: $? = 0
configure:12560: result: no
configure:12720: checking dynamic linker characteristics
configure:13231: gcc -std=gnu99 -o conftest -g -O2 -Wall   -Wl,-rpath -Wl,/foo conftest.c -lpulse-simple -lpthread -lm  >&5
configure:13231: $? = 0
configure:13465: result: GNU/Linux ld.so
configure:13572: checking how to hardcode library paths into programs
configure:13597: result: immediate
configure:14137: checking whether stripping libraries is possible
configure:14142: result: yes
configure:14177: checking if libtool supports shared libraries
configure:14179: result: yes
configure:14182: checking whether to build shared libraries
configure:14203: result: yes
configure:14206: checking whether to build static libraries
configure:14210: result: yes
configure:14250: checking for doxygen
configure:14278: result: no
configure:14320: checking for python
configure:14338: found /usr/bin/python
configure:14351: result: /usr/bin/python
configure:14361: checking for python-config
configure:14379: found /usr/bin/python-config
configure:14392: result: /usr/bin/python-config
configure:14404: checking Python.h usability
configure:14404: gcc -std=gnu99 -c -g -O2 -Wall  -I/usr/include/python2.7 -I/usr/include/python2.7 conftest.c >&5
In file included from /usr/include/python2.7/Python.h:8:0,
                 from conftest.c:70:
/usr/include/python2.7/pyconfig.h:1161:0: warning: "_POSIX_C_SOURCE" redefined [enabled by default]
/usr/include/features.h:215:0: note: this is the location of the previous definition
configure:14404: $? = 0
configure:14404: result: yes
configure:14404: checking Python.h presence
configure:14404: gcc -std=gnu99 -E  -I/usr/include/python2.7 -I/usr/include/python2.7 conftest.c
configure:14404: $? = 0
configure:14404: result: yes
configure:14404: checking for Python.h
configure:14404: result: yes
configure:14433: checking for cython
configure:14461: result: no
configure:14481: checking for pkg-config
configure:14497: found /usr/bin/pkg-config
configure:14509: result: yes
configure:14568: checking for pkg-config
configure:14586: found /usr/bin/pkg-config
configure:14598: result: /usr/bin/pkg-config
configure:14623: checking pkg-config is at least version 0.9.0
configure:14626: result: yes
configure:14637: checking for SNDFILE
configure:14645: $PKG_CONFIG --exists --print-errors "sndfile"
Package sndfile was not found in the pkg-config search path.
Perhaps you should add the directory containing `sndfile.pc'
to the PKG_CONFIG_PATH environment variable
No package 'sndfile' found
configure:14648: $? = 1
configure:14663: $PKG_CONFIG --exists --print-errors "sndfile"
Package sndfile was not found in the pkg-config search path.
Perhaps you should add the directory containing `sndfile.pc'
to the PKG_CONFIG_PATH environment variable
No package 'sndfile' found
configure:14666: $? = 1
No package 'sndfile' found
configure:14694: result: no
configure:14708: checking sndfile.h usability
configure:14708: gcc -std=gnu99 -c -g -O2 -Wall  -I/usr/include/python2.7 -I/usr/include/python2.7 conftest.c >&5
conftest.c:70:21: fatal error: sndfile.h: No such file or directory
compilation terminated.
configure:14708: $? = 1
configure: failed program was:
| /* confdefs.h */
| #define PACKAGE_NAME "sphinxbase"
| #define PACKAGE_TARNAME "sphinxbase"
| #define PACKAGE_VERSION "0.7"
| #define PACKAGE_STRING "sphinxbase 0.7"
| #define PACKAGE_BUGREPORT ""
| #define PACKAGE_URL ""
| #define STDC_HEADERS 1
| #define HAVE_SYS_TYPES_H 1
| #define HAVE_SYS_STAT_H 1
| #define HAVE_STDLIB_H 1
| #define HAVE_STRING_H 1
| #define HAVE_MEMORY_H 1
| #define HAVE_STRINGS_H 1
| #define HAVE_INTTYPES_H 1
| #define HAVE_STDINT_H 1
| #define HAVE_UNISTD_H 1
| #define RETSIGTYPE void
| #define HAVE_LONG_LONG 1
| #define SIZEOF_LONG_LONG 8
| #define SIZEOF_LONG 4
| #define HAVE_POPEN 1
| #define HAVE_PERROR 1
| #define HAVE_SNPRINTF 1
| #define HAVE_ICONV 1
| #define ICONV_CONST 
| #define WITH_LAPACK /**/
| #define HAVE_LIBM 1
| #define HAVE_PTHREAD_H 1
| #define HAVE_LIBPTHREAD 1
| #define ENABLE_THREADS /**/
| #define AD_BACKEND_PULSEAUDIO /**/
| #define HAVE_LIBPULSE_SIMPLE 1
| #define HAVE_DLFCN_H 1
| #define LT_OBJDIR ".libs/"
| /* end confdefs.h.  */
| #include <stdio.h>
| #ifdef HAVE_SYS_TYPES_H
| # include <sys/types.h>
| #endif
| #ifdef HAVE_SYS_STAT_H
| # include <sys/stat.h>
| #endif
| #ifdef STDC_HEADERS
| # include <stdlib.h>
| # include <stddef.h>
| #else
| # ifdef HAVE_STDLIB_H
| #  include <stdlib.h>
| # endif
| #endif
| #ifdef HAVE_STRING_H
| # if !defined STDC_HEADERS && defined HAVE_MEMORY_H
| #  include <memory.h>
| # endif
| # include <string.h>
| #endif
| #ifdef HAVE_STRINGS_H
| # include <strings.h>
| #endif
| #ifdef HAVE_INTTYPES_H
| # include <inttypes.h>
| #endif
| #ifdef HAVE_STDINT_H
| # include <stdint.h>
| #endif
| #ifdef HAVE_UNISTD_H
| # include <unistd.h>
| #endif
| #include <sndfile.h>
configure:14708: result: no
configure:14708: checking sndfile.h presence
configure:14708: gcc -std=gnu99 -E  -I/usr/include/python2.7 -I/usr/include/python2.7 conftest.c
conftest.c:37:21: fatal error: sndfile.h: No such file or directory
compilation terminated.
configure:14708: $? = 1
configure: failed program was:
| /* confdefs.h */
| #define PACKAGE_NAME "sphinxbase"
| #define PACKAGE_TARNAME "sphinxbase"
| #define PACKAGE_VERSION "0.7"
| #define PACKAGE_STRING "sphinxbase 0.7"
| #define PACKAGE_BUGREPORT ""
| #define PACKAGE_URL ""
| #define STDC_HEADERS 1
| #define HAVE_SYS_TYPES_H 1
| #define HAVE_SYS_STAT_H 1
| #define HAVE_STDLIB_H 1
| #define HAVE_STRING_H 1
| #define HAVE_MEMORY_H 1
| #define HAVE_STRINGS_H 1
| #define HAVE_INTTYPES_H 1
| #define HAVE_STDINT_H 1
| #define HAVE_UNISTD_H 1
| #define RETSIGTYPE void
| #define HAVE_LONG_LONG 1
| #define SIZEOF_LONG_LONG 8
| #define SIZEOF_LONG 4
| #define HAVE_POPEN 1
| #define HAVE_PERROR 1
| #define HAVE_SNPRINTF 1
| #define HAVE_ICONV 1
| #define ICONV_CONST 
| #define WITH_LAPACK /**/
| #define HAVE_LIBM 1
| #define HAVE_PTHREAD_H 1
| #define HAVE_LIBPTHREAD 1
| #define ENABLE_THREADS /**/
| #define AD_BACKEND_PULSEAUDIO /**/
| #define HAVE_LIBPULSE_SIMPLE 1
| #define HAVE_DLFCN_H 1
| #define LT_OBJDIR ".libs/"
| /* end confdefs.h.  */
| #include <sndfile.h>
configure:14708: result: no
configure:14708: checking for sndfile.h
configure:14708: result: no
configure:14720: checking for SAMPLERATE
configure:14728: $PKG_CONFIG --exists --print-errors "samplerate"
Package samplerate was not found in the pkg-config search path.
Perhaps you should add the directory containing `samplerate.pc'
to the PKG_CONFIG_PATH environment variable
No package 'samplerate' found
configure:14731: $? = 1
configure:14746: $PKG_CONFIG --exists --print-errors "samplerate"
Package samplerate was not found in the pkg-config search path.
Perhaps you should add the directory containing `samplerate.pc'
to the PKG_CONFIG_PATH environment variable
No package 'samplerate' found
configure:14749: $? = 1
No package 'samplerate' found
configure:14777: result: no
configure:14791: checking samplerate.h usability
configure:14791: gcc -std=gnu99 -c -g -O2 -Wall  -I/usr/include/python2.7 -I/usr/include/python2.7 conftest.c >&5
conftest.c:70:24: fatal error: samplerate.h: No such file or directory
compilation terminated.
configure:14791: $? = 1
configure: failed program was:
| /* confdefs.h */
| #define PACKAGE_NAME "sphinxbase"
| #define PACKAGE_TARNAME "sphinxbase"
| #define PACKAGE_VERSION "0.7"
| #define PACKAGE_STRING "sphinxbase 0.7"
| #define PACKAGE_BUGREPORT ""
| #define PACKAGE_URL ""
| #define STDC_HEADERS 1
| #define HAVE_SYS_TYPES_H 1
| #define HAVE_SYS_STAT_H 1
| #define HAVE_STDLIB_H 1
| #define HAVE_STRING_H 1
| #define HAVE_MEMORY_H 1
| #define HAVE_STRINGS_H 1
| #define HAVE_INTTYPES_H 1
| #define HAVE_STDINT_H 1
| #define HAVE_UNISTD_H 1
| #define RETSIGTYPE void
| #define HAVE_LONG_LONG 1
| #define SIZEOF_LONG_LONG 8
| #define SIZEOF_LONG 4
| #define HAVE_POPEN 1
| #define HAVE_PERROR 1
| #define HAVE_SNPRINTF 1
| #define HAVE_ICONV 1
| #define ICONV_CONST 
| #define WITH_LAPACK /**/
| #define HAVE_LIBM 1
| #define HAVE_PTHREAD_H 1
| #define HAVE_LIBPTHREAD 1
| #define ENABLE_THREADS /**/
| #define AD_BACKEND_PULSEAUDIO /**/
| #define HAVE_LIBPULSE_SIMPLE 1
| #define HAVE_DLFCN_H 1
| #define LT_OBJDIR ".libs/"
| /* end confdefs.h.  */
| #include <stdio.h>
| #ifdef HAVE_SYS_TYPES_H
| # include <sys/types.h>
| #endif
| #ifdef HAVE_SYS_STAT_H
| # include <sys/stat.h>
| #endif
| #ifdef STDC_HEADERS
| # include <stdlib.h>
| # include <stddef.h>
| #else
| # ifdef HAVE_STDLIB_H
| #  include <stdlib.h>
| # endif
| #endif
| #ifdef HAVE_STRING_H
| # if !defined STDC_HEADERS && defined HAVE_MEMORY_H
| #  include <memory.h>
| # endif
| # include <string.h>
| #endif
| #ifdef HAVE_STRINGS_H
| # include <strings.h>
| #endif
| #ifdef HAVE_INTTYPES_H
| # include <inttypes.h>
| #endif
| #ifdef HAVE_STDINT_H
| # include <stdint.h>
| #endif
| #ifdef HAVE_UNISTD_H
| # include <unistd.h>
| #endif
| #include <samplerate.h>
configure:14791: result: no
configure:14791: checking samplerate.h presence
configure:14791: gcc -std=gnu99 -E  -I/usr/include/python2.7 -I/usr/include/python2.7 conftest.c
conftest.c:37:24: fatal error: samplerate.h: No such file or directory
compilation terminated.
configure:14791: $? = 1
configure: failed program was:
| /* confdefs.h */
| #define PACKAGE_NAME "sphinxbase"
| #define PACKAGE_TARNAME "sphinxbase"
| #define PACKAGE_VERSION "0.7"
| #define PACKAGE_STRING "sphinxbase 0.7"
| #define PACKAGE_BUGREPORT ""
| #define PACKAGE_URL ""
| #define STDC_HEADERS 1
| #define HAVE_SYS_TYPES_H 1
| #define HAVE_SYS_STAT_H 1
| #define HAVE_STDLIB_H 1
| #define HAVE_STRING_H 1
| #define HAVE_MEMORY_H 1
| #define HAVE_STRINGS_H 1
| #define HAVE_INTTYPES_H 1
| #define HAVE_STDINT_H 1
| #define HAVE_UNISTD_H 1
| #define RETSIGTYPE void
| #define HAVE_LONG_LONG 1
| #define SIZEOF_LONG_LONG 8
| #define SIZEOF_LONG 4
| #define HAVE_POPEN 1
| #define HAVE_PERROR 1
| #define HAVE_SNPRINTF 1
| #define HAVE_ICONV 1
| #define ICONV_CONST 
| #define WITH_LAPACK /**/
| #define HAVE_LIBM 1
| #define HAVE_PTHREAD_H 1
| #define HAVE_LIBPTHREAD 1
| #define ENABLE_THREADS /**/
| #define AD_BACKEND_PULSEAUDIO /**/
| #define HAVE_LIBPULSE_SIMPLE 1
| #define HAVE_DLFCN_H 1
| #define LT_OBJDIR ".libs/"
| /* end confdefs.h.  */
| #include <samplerate.h>
configure:14791: result: no
configure:14791: checking for samplerate.h
configure:14791: result: no
configure:14972: creating ./config.status

## ---------------------- ##
## Running config.status. ##
## ---------------------- ##

This file was extended by sphinxbase config.status 0.7, which was
generated by GNU Autoconf 2.68.  Invocation command line was

  CONFIG_FILES    = 
  CONFIG_HEADERS  = 
  CONFIG_LINKS    = 
  CONFIG_COMMANDS = 
  $ ./config.status 

on ubuntu

config.status:1173: creating sphinxbase.pc
config.status:1173: creating Makefile
config.status:1173: creating include/Makefile
config.status:1173: creating include/sphinxbase/Makefile
config.status:1173: creating python/Makefile
config.status:1173: creating python/setup.py
config.status:1173: creating src/Makefile
config.status:1173: creating src/libsphinxad/Makefile
config.status:1173: creating src/libsphinxbase/Makefile
config.status:1173: creating src/libsphinxbase/util/Makefile
config.status:1173: creating src/libsphinxbase/feat/Makefile
config.status:1173: creating src/libsphinxbase/fe/Makefile
config.status:1173: creating src/libsphinxbase/lm/Makefile
config.status:1173: creating src/sphinx_fe/Makefile
config.status:1173: creating src/sphinx_cepview/Makefile
config.status:1173: creating src/sphinx_jsgf2fsg/Makefile
config.status:1173: creating src/sphinx_adtools/Makefile
config.status:1173: creating src/sphinx_lmtools/Makefile
config.status:1173: creating doc/Makefile
config.status:1173: creating doc/doxyfile
config.status:1173: creating test/Makefile
config.status:1173: creating test/unit/testfuncs.sh
config.status:1173: creating test/unit/Makefile
config.status:1173: creating test/unit/test_ad/Makefile
config.status:1173: creating test/unit/test_alloc/Makefile
config.status:1173: creating test/unit/test_bitvec/Makefile
config.status:1173: creating test/unit/test_case/Makefile
config.status:1173: creating test/unit/test_string/Makefile
config.status:1173: creating test/unit/test_cmdln/Makefile
config.status:1173: creating test/unit/test_hash/Makefile
config.status:1173: creating test/unit/test_matrix/Makefile
config.status:1173: creating test/unit/test_feat/Makefile
config.status:1173: creating test/unit/test_fe/Makefile
config.status:1173: creating test/unit/test_logmath/Makefile
config.status:1173: creating test/unit/test_lineiter/Makefile
config.status:1173: creating test/unit/test_ngram/Makefile
config.status:1173: creating test/unit/test_fsg/Makefile
config.status:1173: creating test/unit/test_thread/Makefile
config.status:1173: creating test/unit/test_util/Makefile
config.status:1173: creating test/regression/testfuncs.sh
config.status:1173: creating test/regression/Makefile
config.status:1173: creating include/config.h
config.status:1354: include/config.h is unchanged
config.status:1173: creating include/sphinx_config.h
config.status:1354: include/sphinx_config.h is unchanged
config.status:1402: executing depfiles commands
config.status:1402: executing libtool commands

## ---------------- ##
## Cache variables. ##
## ---------------- ##

ac_cv_build=i686-pc-linux-gnu
ac_cv_c_bigendian=no
ac_cv_c_compiler_gnu=yes
ac_cv_env_CC_set=
ac_cv_env_CC_value=
ac_cv_env_CFLAGS_set=
ac_cv_env_CFLAGS_value=
ac_cv_env_CPPFLAGS_set=
ac_cv_env_CPPFLAGS_value=
ac_cv_env_CPP_set=
ac_cv_env_CPP_value=
ac_cv_env_LDFLAGS_set=
ac_cv_env_LDFLAGS_value=
ac_cv_env_LIBS_set=
ac_cv_env_LIBS_value=
ac_cv_env_PKG_CONFIG_set=
ac_cv_env_PKG_CONFIG_value=
ac_cv_env_SAMPLERATE_CFLAGS_set=
ac_cv_env_SAMPLERATE_CFLAGS_value=
ac_cv_env_SAMPLERATE_LIBS_set=
ac_cv_env_SAMPLERATE_LIBS_value=
ac_cv_env_SNDFILE_CFLAGS_set=
ac_cv_env_SNDFILE_CFLAGS_value=
ac_cv_env_SNDFILE_LIBS_set=
ac_cv_env_SNDFILE_LIBS_value=
ac_cv_env_YACC_set=
ac_cv_env_YACC_value=
ac_cv_env_build_alias_set=
ac_cv_env_build_alias_value=
ac_cv_env_host_alias_set=
ac_cv_env_host_alias_value=
ac_cv_env_target_alias_set=
ac_cv_env_target_alias_value=
ac_cv_func_perror=yes
ac_cv_func_popen=yes
ac_cv_func_snprintf=yes
ac_cv_header_Python_h=yes
ac_cv_header_dlfcn_h=yes
ac_cv_header_errno_h=yes
ac_cv_header_inttypes_h=yes
ac_cv_header_memory_h=yes
ac_cv_header_pthread_h=yes
ac_cv_header_pulse_pulseaudio_h=yes
ac_cv_header_samplerate_h=no
ac_cv_header_sndfile_h=no
ac_cv_header_stdc=yes
ac_cv_header_stdint_h=yes
ac_cv_header_stdlib_h=yes
ac_cv_header_string_h=yes
ac_cv_header_strings_h=yes
ac_cv_header_sys_stat_h=yes
ac_cv_header_sys_types_h=yes
ac_cv_header_unistd_h=yes
ac_cv_host=i686-pc-linux-gnu
ac_cv_lib_lapack_sgesv_=no
ac_cv_lib_m_log=yes
ac_cv_lib_pthread_pthread_create=yes
ac_cv_lib_pulse_simple_pa_simple_new=yes
ac_cv_objext=o
ac_cv_path_EGREP='/bin/grep -E'
ac_cv_path_FGREP='/bin/grep -F'
ac_cv_path_GREP=/bin/grep
ac_cv_path_PYTHON=/usr/bin/python
ac_cv_path_PYTHON_CONFIG=/usr/bin/python-config
ac_cv_path_SED=/bin/sed
ac_cv_path_ac_pt_PKG_CONFIG=/usr/bin/pkg-config
ac_cv_path_install='/usr/bin/install -c'
ac_cv_path_mkdir=/bin/mkdir
ac_cv_prog_AWK=mawk
ac_cv_prog_CPP='gcc -std=gnu99 -E'
ac_cv_prog_HAVE_CYTHON=no
ac_cv_prog_HAVE_DOXYGEN=no
ac_cv_prog_HAVE_PKGCONFIG=yes
ac_cv_prog_YACC='bison -y'
ac_cv_prog_ac_ct_AR=ar
ac_cv_prog_ac_ct_CC=gcc
ac_cv_prog_ac_ct_MANIFEST_TOOL=mt
ac_cv_prog_ac_ct_OBJDUMP=objdump
ac_cv_prog_ac_ct_RANLIB=ranlib
ac_cv_prog_ac_ct_STRIP=strip
ac_cv_prog_cc_c89=
ac_cv_prog_cc_c99=-std=gnu99
ac_cv_prog_cc_g=yes
ac_cv_prog_cc_stdc=-std=gnu99
ac_cv_prog_make_make_set=yes
ac_cv_search_strerror='none required'
ac_cv_sizeof_long=4
ac_cv_sizeof_long_long=8
ac_cv_type_long_long=yes
ac_cv_type_signal=void
acl_cv_hardcode_direct=no
acl_cv_hardcode_libdir_flag_spec='${wl}-rpath ${wl}$libdir'
acl_cv_hardcode_libdir_separator=
acl_cv_hardcode_minus_L=no
acl_cv_libext=a
acl_cv_path_LD=/usr/bin/ld
acl_cv_prog_gnu_ld=yes
acl_cv_rpath=done
acl_cv_shlibext=so
acl_cv_wl=-Wl,
am_cv_CC_dependencies_compiler_type=gcc3
am_cv_func_iconv=yes
am_cv_lib_iconv=no
am_cv_proto_iconv='extern size_t iconv (iconv_t cd, char * *inbuf, size_t *inbytesleft, char * *outbuf, size_t *outbytesleft);'
am_cv_proto_iconv_arg1=
lt_cv_ar_at_file=@
lt_cv_archive_cmds_need_lc=no
lt_cv_deplibs_check_method=pass_all
lt_cv_file_magic_cmd='$MAGIC_CMD'
lt_cv_file_magic_test_file=
lt_cv_ld_reload_flag=-r
lt_cv_nm_interface='BSD nm'
lt_cv_objdir=.libs
lt_cv_path_LD=/usr/bin/ld
lt_cv_path_NM='/usr/bin/nm -B'
lt_cv_path_mainfest_tool=no
lt_cv_prog_compiler_c_o=yes
lt_cv_prog_compiler_pic='-fPIC -DPIC'
lt_cv_prog_compiler_pic_works=yes
lt_cv_prog_compiler_rtti_exceptions=no
lt_cv_prog_compiler_static_works=no
lt_cv_prog_gnu_ld=yes
lt_cv_sharedlib_from_linklib_cmd='printf %s\n'
lt_cv_shlibpath_overrides_runpath=no
lt_cv_sys_global_symbol_pipe='sed -n -e '\''s/^.*[	 ]\([ABCDGIRSTW][ABCDGIRSTW]*\)[	 ][	 ]*\([_A-Za-z][_A-Za-z0-9]*\)$/\1 \2 \2/p'\'' | sed '\''/ __gnu_lto/d'\'''
lt_cv_sys_global_symbol_to_c_name_address='sed -n -e '\''s/^: \([^ ]*\)[ ]*$/  {\"\1\", (void *) 0},/p'\'' -e '\''s/^[ABCDGIRSTW]* \([^ ]*\) \([^ ]*\)$/  {"\2", (void *) \&\2},/p'\'''
lt_cv_sys_global_symbol_to_c_name_address_lib_prefix='sed -n -e '\''s/^: \([^ ]*\)[ ]*$/  {\"\1\", (void *) 0},/p'\'' -e '\''s/^[ABCDGIRSTW]* \([^ ]*\) \(lib[^ ]*\)$/  {"\2", (void *) \&\2},/p'\'' -e '\''s/^[ABCDGIRSTW]* \([^ ]*\) \([^ ]*\)$/  {"lib\2", (void *) \&\2},/p'\'''
lt_cv_sys_global_symbol_to_cdecl='sed -n -e '\''s/^T .* \(.*\)$/extern int \1();/p'\'' -e '\''s/^[ABCDGIRSTW]* .* \(.*\)$/extern char \1;/p'\'''
lt_cv_sys_max_cmd_len=1572864
lt_cv_to_host_file_cmd=func_convert_file_noop
lt_cv_to_tool_file_cmd=func_convert_file_noop

## ----------------- ##
## Output variables. ##
## ----------------- ##

ACLOCAL='${SHELL} /home/yjy/pag/app-profile/Android-App-Profiling/apprepo/cmusphinx/sphinxbase/missing --run aclocal-1.11'
AMDEPBACKSLASH='\'
AMDEP_FALSE='#'
AMDEP_TRUE=''
AMTAR='$${TAR-tar}'
AR='ar'
AUTOCONF='${SHELL} /home/yjy/pag/app-profile/Android-App-Profiling/apprepo/cmusphinx/sphinxbase/missing --run autoconf'
AUTOHEADER='${SHELL} /home/yjy/pag/app-profile/Android-App-Profiling/apprepo/cmusphinx/sphinxbase/missing --run autoheader'
AUTOMAKE='${SHELL} /home/yjy/pag/app-profile/Android-App-Profiling/apprepo/cmusphinx/sphinxbase/missing --run automake-1.11'
AWK='mawk'
BUILD_CYTHON_FALSE=''
BUILD_CYTHON_TRUE='#'
BUILD_DOXYGEN_FALSE=''
BUILD_DOXYGEN_TRUE='#'
BUILD_PYTHON_FALSE='#'
BUILD_PYTHON_TRUE=''
CC='gcc -std=gnu99'
CCDEPMODE='depmode=gcc3'
CFLAGS='-g -O2 -Wall'
CPP='gcc -std=gnu99 -E'
CPPFLAGS=' -I/usr/include/python2.7 -I/usr/include/python2.7'
CYGPATH_W='echo'
DEFS='-DHAVE_CONFIG_H'
DEPDIR='.deps'
DLLTOOL='false'
DSYMUTIL=''
DUMPBIN=''
ECHO_C=''
ECHO_N='-n'
ECHO_T=''
EGREP='/bin/grep -E'
EXEEXT=''
FGREP='/bin/grep -F'
FIXED_POINT_FALSE=''
FIXED_POINT_TRUE='#'
GREP='/bin/grep'
HAVE_CYTHON='no'
HAVE_DOXYGEN='no'
HAVE_PKGCONFIG='yes'
INSTALL_DATA='${INSTALL} -m 644'
INSTALL_PROGRAM='${INSTALL}'
INSTALL_SCRIPT='${INSTALL}'
INSTALL_STRIP_PROGRAM='$(install_sh) -c -s'
LAPACK_LITE_FALSE='#'
LAPACK_LITE_TRUE=''
LD='/usr/bin/ld'
LDFLAGS=''
LIBICONV=''
LIBOBJS=''
LIBS='-lpulse-simple -lpthread -lm '
LIBTOOL='$(SHELL) $(top_builddir)/libtool'
LIPO=''
LN_S='ln -s'
LTLIBICONV=''
LTLIBOBJS=''
MAKEINFO='${SHELL} /home/yjy/pag/app-profile/Android-App-Profiling/apprepo/cmusphinx/sphinxbase/missing --run makeinfo'
MANIFEST_TOOL=':'
MKDIR_P='/bin/mkdir -p'
NM='/usr/bin/nm -B'
NMEDIT=''
OBJDUMP='objdump'
OBJEXT='o'
OTOOL64=''
OTOOL=''
PACKAGE='sphinxbase'
PACKAGE_BUGREPORT=''
PACKAGE_NAME='sphinxbase'
PACKAGE_STRING='sphinxbase 0.7'
PACKAGE_TARNAME='sphinxbase'
PACKAGE_URL=''
PACKAGE_VERSION='0.7'
PATH_SEPARATOR=':'
PKG_CONFIG='/usr/bin/pkg-config'
PYTHON='/usr/bin/python'
PYTHON_CONFIG='/usr/bin/python-config'
RANLIB='ranlib'
SAMPLERATE_CFLAGS=''
SAMPLERATE_LIBS=''
SED='/bin/sed'
SET_MAKE=''
SHELL='/bin/bash'
SNDFILE_CFLAGS=''
SNDFILE_LIBS=''
STRIP='strip'
USE_LAPACK_FALSE='#'
USE_LAPACK_TRUE=''
USE_THREADS_FALSE='#'
USE_THREADS_TRUE=''
VERSION='0.7'
YACC='bison -y'
ac_ct_AR='ar'
ac_ct_CC='gcc'
ac_ct_DUMPBIN=''
ad_backend='AD_BACKEND_PULSEAUDIO'
ad_files='ad_pulse.lo'
ad_libs=''
am__EXEEXT_FALSE=''
am__EXEEXT_TRUE='#'
am__fastdepCC_FALSE='#'
am__fastdepCC_TRUE=''
am__include='include'
am__isrc=''
am__leading_dot='.'
am__nodep='_no'
am__quote=''
am__tar='$${TAR-tar} chof - "$$tardir"'
am__untar='$${TAR-tar} xf -'
bindir='${exec_prefix}/bin'
build='i686-pc-linux-gnu'
build_alias=''
build_cpu='i686'
build_os='linux-gnu'
build_vendor='pc'
datadir='${datarootdir}'
datarootdir='${prefix}/share'
docdir='${datarootdir}/doc/${PACKAGE_TARNAME}'
dvidir='${docdir}'
exec_prefix='${prefix}'
host='i686-pc-linux-gnu'
host_alias=''
host_cpu='i686'
host_os='linux-gnu'
host_vendor='pc'
htmldir='${docdir}'
includedir='${prefix}/include'
infodir='${datarootdir}/info'
install_sh='${SHELL} /home/yjy/pag/app-profile/Android-App-Profiling/apprepo/cmusphinx/sphinxbase/install-sh'
libdir='${exec_prefix}/lib'
libexecdir='${exec_prefix}/libexec'
localedir='${datarootdir}/locale'
localstatedir='${prefix}/var'
mandir='${datarootdir}/man'
mkdir_p='/bin/mkdir -p'
oldincludedir='/usr/include'
pdfdir='${docdir}'
prefix='/usr/local'
program_transform_name='s,x,x,'
psdir='${docdir}'
sbindir='${exec_prefix}/sbin'
sharedstatedir='${prefix}/com'
sysconfdir='${prefix}/etc'
target_alias=''

## ----------- ##
## confdefs.h. ##
## ----------- ##

/* confdefs.h */
#define PACKAGE_NAME "sphinxbase"
#define PACKAGE_TARNAME "sphinxbase"
#define PACKAGE_VERSION "0.7"
#define PACKAGE_STRING "sphinxbase 0.7"
#define PACKAGE_BUGREPORT ""
#define PACKAGE_URL ""
#define STDC_HEADERS 1
#define HAVE_SYS_TYPES_H 1
#define HAVE_SYS_STAT_H 1
#define HAVE_STDLIB_H 1
#define HAVE_STRING_H 1
#define HAVE_MEMORY_H 1
#define HAVE_STRINGS_H 1
#define HAVE_INTTYPES_H 1
#define HAVE_STDINT_H 1
#define HAVE_UNISTD_H 1
#define RETSIGTYPE void
#define HAVE_LONG_LONG 1
#define SIZEOF_LONG_LONG 8
#define SIZEOF_LONG 4
#define HAVE_POPEN 1
#define HAVE_PERROR 1
#define HAVE_SNPRINTF 1
#define HAVE_ICONV 1
#define ICONV_CONST 
#define WITH_LAPACK /**/
#define HAVE_LIBM 1
#define HAVE_PTHREAD_H 1
#define HAVE_LIBPTHREAD 1
#define ENABLE_THREADS /**/
#define AD_BACKEND_PULSEAUDIO /**/
#define HAVE_LIBPULSE_SIMPLE 1
#define HAVE_DLFCN_H 1
#define LT_OBJDIR ".libs/"

configure: exit 0

## ---------------------- ##
## Running config.status. ##
## ---------------------- ##

This file was extended by sphinxbase config.status 0.7, which was
generated by GNU Autoconf 2.68.  Invocation command line was

  CONFIG_FILES    = 
  CONFIG_HEADERS  = 
  CONFIG_LINKS    = 
  CONFIG_COMMANDS = 
  $ ./config.status include/config.h

on ubuntu

config.status:1173: creating include/config.h
config.status:1354: include/config.h is unchanged
